2017-06-02 13:38:36 INFO  WebTestContextBootstrapper:185 - Using TestExecutionListeners: [org.springframework.test.context.support.DependencyInjectionTestExecutionListener@1a968a59, org.springframework.test.context.support.DirtiesContextTestExecutionListener@4667ae56, org.springframework.test.context.transaction.TransactionalTestExecutionListener@77cd7a0]
2017-06-02 13:38:36 INFO  GenericWebApplicationContext:578 - Refreshing org.springframework.web.context.support.GenericWebApplicationContext@527740a2: startup date [Fri Jun 02 13:38:36 ADT 2017]; root of context hierarchy
2017-06-02 13:38:36 INFO  AutowiredAnnotationBeanPostProcessor:153 - JSR-330 'javax.inject.Inject' annotation found and supported for autowiring
2017-06-02 13:38:40 INFO  GenericWebApplicationContext:960 - Closing org.springframework.web.context.support.GenericWebApplicationContext@527740a2: startup date [Fri Jun 02 13:38:36 ADT 2017]; root of context hierarchy
2017-06-02 13:40:45 INFO  WebTestContextBootstrapper:185 - Using TestExecutionListeners: [org.springframework.test.context.support.DependencyInjectionTestExecutionListener@6ebc05a6, org.springframework.test.context.support.DirtiesContextTestExecutionListener@6e6c3152, org.springframework.test.context.transaction.TransactionalTestExecutionListener@50b494a6]
2017-06-02 13:40:45 INFO  GenericWebApplicationContext:578 - Refreshing org.springframework.web.context.support.GenericWebApplicationContext@34cd072c: startup date [Fri Jun 02 13:40:45 ADT 2017]; root of context hierarchy
2017-06-02 13:40:45 INFO  AutowiredAnnotationBeanPostProcessor:153 - JSR-330 'javax.inject.Inject' annotation found and supported for autowiring
2017-06-02 13:40:49 INFO  GenericWebApplicationContext:960 - Closing org.springframework.web.context.support.GenericWebApplicationContext@34cd072c: startup date [Fri Jun 02 13:40:45 ADT 2017]; root of context hierarchy
2017-06-02 14:22:50 INFO  WebTestContextBootstrapper:185 - Using TestExecutionListeners: [org.springframework.test.context.support.DependencyInjectionTestExecutionListener@4dfa3a9d, org.springframework.test.context.support.DirtiesContextTestExecutionListener@6eebc39e, org.springframework.test.context.transaction.TransactionalTestExecutionListener@464bee09]
2017-06-02 14:22:51 INFO  GenericWebApplicationContext:578 - Refreshing org.springframework.web.context.support.GenericWebApplicationContext@9353778: startup date [Fri Jun 02 14:22:51 ADT 2017]; root of context hierarchy
2017-06-02 14:22:51 INFO  AutowiredAnnotationBeanPostProcessor:153 - JSR-330 'javax.inject.Inject' annotation found and supported for autowiring
2017-06-02 14:22:54 INFO  GenericWebApplicationContext:960 - Closing org.springframework.web.context.support.GenericWebApplicationContext@9353778: startup date [Fri Jun 02 14:22:51 ADT 2017]; root of context hierarchy
2017-06-02 14:33:29 INFO  WebTestContextBootstrapper:185 - Using TestExecutionListeners: [org.springframework.test.context.support.DependencyInjectionTestExecutionListener@4dfa3a9d, org.springframework.test.context.support.DirtiesContextTestExecutionListener@6eebc39e, org.springframework.test.context.transaction.TransactionalTestExecutionListener@464bee09]
2017-06-02 14:33:30 INFO  GenericWebApplicationContext:578 - Refreshing org.springframework.web.context.support.GenericWebApplicationContext@9353778: startup date [Fri Jun 02 14:33:30 ADT 2017]; root of context hierarchy
2017-06-02 14:33:30 INFO  AutowiredAnnotationBeanPostProcessor:153 - JSR-330 'javax.inject.Inject' annotation found and supported for autowiring
2017-06-02 14:33:33 INFO  GenericWebApplicationContext:960 - Closing org.springframework.web.context.support.GenericWebApplicationContext@9353778: startup date [Fri Jun 02 14:33:30 ADT 2017]; root of context hierarchy
2017-06-02 16:04:07 INFO  WebTestContextBootstrapper:185 - Using TestExecutionListeners: [org.springframework.test.context.support.DependencyInjectionTestExecutionListener@43814d18, org.springframework.test.context.support.DirtiesContextTestExecutionListener@5c5a1b69, org.springframework.test.context.transaction.TransactionalTestExecutionListener@3701eaf6]
2017-06-02 16:04:08 INFO  GenericWebApplicationContext:578 - Refreshing org.springframework.web.context.support.GenericWebApplicationContext@4fb61f4a: startup date [Fri Jun 02 16:04:08 ADT 2017]; root of context hierarchy
2017-06-02 16:04:08 INFO  AutowiredAnnotationBeanPostProcessor:153 - JSR-330 'javax.inject.Inject' annotation found and supported for autowiring
2017-06-02 16:04:11 INFO  GenericWebApplicationContext:960 - Closing org.springframework.web.context.support.GenericWebApplicationContext@4fb61f4a: startup date [Fri Jun 02 16:04:08 ADT 2017]; root of context hierarchy
2017-06-05 11:45:18 INFO  WebTestContextBootstrapper:185 - Using TestExecutionListeners: [org.springframework.test.context.support.DependencyInjectionTestExecutionListener@7d9d1a19, org.springframework.test.context.support.DirtiesContextTestExecutionListener@39c0f4a, org.springframework.test.context.transaction.TransactionalTestExecutionListener@1794d431]
2017-06-05 11:45:18 INFO  GenericWebApplicationContext:578 - Refreshing org.springframework.web.context.support.GenericWebApplicationContext@5bd03f44: startup date [Mon Jun 05 11:45:18 ADT 2017]; root of context hierarchy
2017-06-05 11:45:19 INFO  AutowiredAnnotationBeanPostProcessor:153 - JSR-330 'javax.inject.Inject' annotation found and supported for autowiring
2017-06-05 11:45:19 INFO  GenericWebApplicationContext:960 - Closing org.springframework.web.context.support.GenericWebApplicationContext@5bd03f44: startup date [Mon Jun 05 11:45:18 ADT 2017]; root of context hierarchy
2017-06-05 11:45:46 INFO  WebTestContextBootstrapper:185 - Using TestExecutionListeners: [org.springframework.test.context.support.DependencyInjectionTestExecutionListener@7d9d1a19, org.springframework.test.context.support.DirtiesContextTestExecutionListener@39c0f4a, org.springframework.test.context.transaction.TransactionalTestExecutionListener@1794d431]
2017-06-05 11:45:47 INFO  GenericWebApplicationContext:578 - Refreshing org.springframework.web.context.support.GenericWebApplicationContext@5bd03f44: startup date [Mon Jun 05 11:45:47 ADT 2017]; root of context hierarchy
2017-06-05 11:45:47 INFO  AutowiredAnnotationBeanPostProcessor:153 - JSR-330 'javax.inject.Inject' annotation found and supported for autowiring
2017-06-05 11:45:47 INFO  GenericWebApplicationContext:960 - Closing org.springframework.web.context.support.GenericWebApplicationContext@5bd03f44: startup date [Mon Jun 05 11:45:47 ADT 2017]; root of context hierarchy
2017-06-05 11:45:52 INFO  WebTestContextBootstrapper:185 - Using TestExecutionListeners: [org.springframework.test.context.support.DependencyInjectionTestExecutionListener@7d9d1a19, org.springframework.test.context.support.DirtiesContextTestExecutionListener@39c0f4a, org.springframework.test.context.transaction.TransactionalTestExecutionListener@1794d431]
2017-06-05 11:45:53 INFO  GenericWebApplicationContext:578 - Refreshing org.springframework.web.context.support.GenericWebApplicationContext@5bd03f44: startup date [Mon Jun 05 11:45:53 ADT 2017]; root of context hierarchy
2017-06-05 11:45:53 INFO  AutowiredAnnotationBeanPostProcessor:153 - JSR-330 'javax.inject.Inject' annotation found and supported for autowiring
2017-06-05 11:45:53 INFO  GenericWebApplicationContext:960 - Closing org.springframework.web.context.support.GenericWebApplicationContext@5bd03f44: startup date [Mon Jun 05 11:45:53 ADT 2017]; root of context hierarchy
2017-06-05 11:45:59 INFO  WebTestContextBootstrapper:185 - Using TestExecutionListeners: [org.springframework.test.context.support.DependencyInjectionTestExecutionListener@7d9d1a19, org.springframework.test.context.support.DirtiesContextTestExecutionListener@39c0f4a, org.springframework.test.context.transaction.TransactionalTestExecutionListener@1794d431]
2017-06-05 11:46:00 INFO  GenericWebApplicationContext:578 - Refreshing org.springframework.web.context.support.GenericWebApplicationContext@5bd03f44: startup date [Mon Jun 05 11:46:00 ADT 2017]; root of context hierarchy
2017-06-05 11:46:00 INFO  AutowiredAnnotationBeanPostProcessor:153 - JSR-330 'javax.inject.Inject' annotation found and supported for autowiring
2017-06-05 11:46:00 INFO  GenericWebApplicationContext:960 - Closing org.springframework.web.context.support.GenericWebApplicationContext@5bd03f44: startup date [Mon Jun 05 11:46:00 ADT 2017]; root of context hierarchy
2017-06-05 12:18:38 INFO  WebTestContextBootstrapper:185 - Using TestExecutionListeners: [org.springframework.test.context.support.DependencyInjectionTestExecutionListener@7d9d1a19, org.springframework.test.context.support.DirtiesContextTestExecutionListener@39c0f4a, org.springframework.test.context.transaction.TransactionalTestExecutionListener@1794d431]
2017-06-05 12:18:39 INFO  GenericWebApplicationContext:578 - Refreshing org.springframework.web.context.support.GenericWebApplicationContext@5bd03f44: startup date [Mon Jun 05 12:18:39 ADT 2017]; root of context hierarchy
2017-06-05 12:18:39 INFO  AutowiredAnnotationBeanPostProcessor:153 - JSR-330 'javax.inject.Inject' annotation found and supported for autowiring
2017-06-05 12:18:40 INFO  GenericWebApplicationContext:960 - Closing org.springframework.web.context.support.GenericWebApplicationContext@5bd03f44: startup date [Mon Jun 05 12:18:39 ADT 2017]; root of context hierarchy
2017-06-05 12:18:42 INFO  WebTestContextBootstrapper:185 - Using TestExecutionListeners: [org.springframework.test.context.support.DependencyInjectionTestExecutionListener@7d9d1a19, org.springframework.test.context.support.DirtiesContextTestExecutionListener@39c0f4a, org.springframework.test.context.transaction.TransactionalTestExecutionListener@1794d431]
2017-06-05 12:18:42 INFO  GenericWebApplicationContext:578 - Refreshing org.springframework.web.context.support.GenericWebApplicationContext@5bd03f44: startup date [Mon Jun 05 12:18:42 ADT 2017]; root of context hierarchy
2017-06-05 12:18:42 INFO  AutowiredAnnotationBeanPostProcessor:153 - JSR-330 'javax.inject.Inject' annotation found and supported for autowiring
2017-06-05 12:18:43 INFO  GenericWebApplicationContext:960 - Closing org.springframework.web.context.support.GenericWebApplicationContext@5bd03f44: startup date [Mon Jun 05 12:18:42 ADT 2017]; root of context hierarchy
2017-06-05 12:45:08 INFO  WebTestContextBootstrapper:185 - Using TestExecutionListeners: [org.springframework.test.context.support.DependencyInjectionTestExecutionListener@7d9d1a19, org.springframework.test.context.support.DirtiesContextTestExecutionListener@39c0f4a, org.springframework.test.context.transaction.TransactionalTestExecutionListener@1794d431]
2017-06-05 12:45:09 INFO  GenericWebApplicationContext:578 - Refreshing org.springframework.web.context.support.GenericWebApplicationContext@5bd03f44: startup date [Mon Jun 05 12:45:09 ADT 2017]; root of context hierarchy
2017-06-05 12:45:09 INFO  AutowiredAnnotationBeanPostProcessor:153 - JSR-330 'javax.inject.Inject' annotation found and supported for autowiring
2017-06-05 12:45:09 INFO  GenericWebApplicationContext:960 - Closing org.springframework.web.context.support.GenericWebApplicationContext@5bd03f44: startup date [Mon Jun 05 12:45:09 ADT 2017]; root of context hierarchy
2017-06-08 14:05:43 INFO  WebTestContextBootstrapper:185 - Using TestExecutionListeners: [org.springframework.test.context.support.DependencyInjectionTestExecutionListener@cd2dae5, org.springframework.test.context.support.DirtiesContextTestExecutionListener@3a883ce7, org.springframework.test.context.transaction.TransactionalTestExecutionListener@4973813a]
2017-06-08 14:05:45 INFO  GenericWebApplicationContext:578 - Refreshing org.springframework.web.context.support.GenericWebApplicationContext@515aebb0: startup date [Thu Jun 08 14:05:45 ADT 2017]; root of context hierarchy
2017-06-08 14:05:45 INFO  AutowiredAnnotationBeanPostProcessor:153 - JSR-330 'javax.inject.Inject' annotation found and supported for autowiring
2017-06-08 14:05:50 INFO  GenericWebApplicationContext:960 - Closing org.springframework.web.context.support.GenericWebApplicationContext@515aebb0: startup date [Thu Jun 08 14:05:45 ADT 2017]; root of context hierarchy
2017-06-08 14:44:57 INFO  WebTestContextBootstrapper:185 - Using TestExecutionListeners: [org.springframework.test.context.support.DependencyInjectionTestExecutionListener@4dfa3a9d, org.springframework.test.context.support.DirtiesContextTestExecutionListener@6eebc39e, org.springframework.test.context.transaction.TransactionalTestExecutionListener@464bee09]
2017-06-08 14:44:57 INFO  GenericWebApplicationContext:578 - Refreshing org.springframework.web.context.support.GenericWebApplicationContext@9353778: startup date [Thu Jun 08 14:44:57 ADT 2017]; root of context hierarchy
2017-06-08 14:44:57 INFO  AutowiredAnnotationBeanPostProcessor:153 - JSR-330 'javax.inject.Inject' annotation found and supported for autowiring
2017-06-08 14:44:58 INFO  GenericWebApplicationContext:960 - Closing org.springframework.web.context.support.GenericWebApplicationContext@9353778: startup date [Thu Jun 08 14:44:57 ADT 2017]; root of context hierarchy
2017-06-08 14:48:45 INFO  WebTestContextBootstrapper:185 - Using TestExecutionListeners: [org.springframework.test.context.support.DependencyInjectionTestExecutionListener@4dfa3a9d, org.springframework.test.context.support.DirtiesContextTestExecutionListener@6eebc39e, org.springframework.test.context.transaction.TransactionalTestExecutionListener@464bee09]
2017-06-08 14:48:46 INFO  GenericWebApplicationContext:578 - Refreshing org.springframework.web.context.support.GenericWebApplicationContext@9353778: startup date [Thu Jun 08 14:48:46 ADT 2017]; root of context hierarchy
2017-06-08 14:48:46 INFO  AutowiredAnnotationBeanPostProcessor:153 - JSR-330 'javax.inject.Inject' annotation found and supported for autowiring
2017-06-08 14:48:46 INFO  GenericWebApplicationContext:960 - Closing org.springframework.web.context.support.GenericWebApplicationContext@9353778: startup date [Thu Jun 08 14:48:46 ADT 2017]; root of context hierarchy
2017-06-08 14:49:04 INFO  WebTestContextBootstrapper:185 - Using TestExecutionListeners: [org.springframework.test.context.support.DependencyInjectionTestExecutionListener@4dfa3a9d, org.springframework.test.context.support.DirtiesContextTestExecutionListener@6eebc39e, org.springframework.test.context.transaction.TransactionalTestExecutionListener@464bee09]
2017-06-08 14:49:04 INFO  GenericWebApplicationContext:578 - Refreshing org.springframework.web.context.support.GenericWebApplicationContext@9353778: startup date [Thu Jun 08 14:49:04 ADT 2017]; root of context hierarchy
2017-06-08 14:49:05 INFO  AutowiredAnnotationBeanPostProcessor:153 - JSR-330 'javax.inject.Inject' annotation found and supported for autowiring
2017-06-08 14:49:05 INFO  GenericWebApplicationContext:960 - Closing org.springframework.web.context.support.GenericWebApplicationContext@9353778: startup date [Thu Jun 08 14:49:04 ADT 2017]; root of context hierarchy
2017-06-08 16:32:20 INFO  WebTestContextBootstrapper:185 - Using TestExecutionListeners: [org.springframework.test.context.support.DependencyInjectionTestExecutionListener@4dfa3a9d, org.springframework.test.context.support.DirtiesContextTestExecutionListener@6eebc39e, org.springframework.test.context.transaction.TransactionalTestExecutionListener@464bee09]
2017-06-08 16:32:21 INFO  GenericWebApplicationContext:578 - Refreshing org.springframework.web.context.support.GenericWebApplicationContext@9353778: startup date [Thu Jun 08 16:32:21 ADT 2017]; root of context hierarchy
2017-06-08 16:32:21 INFO  AutowiredAnnotationBeanPostProcessor:153 - JSR-330 'javax.inject.Inject' annotation found and supported for autowiring
2017-06-08 16:32:23 INFO  GenericWebApplicationContext:960 - Closing org.springframework.web.context.support.GenericWebApplicationContext@9353778: startup date [Thu Jun 08 16:32:21 ADT 2017]; root of context hierarchy
2017-06-08 22:45:03 INFO  WebTestContextBootstrapper:185 - Using TestExecutionListeners: [org.springframework.test.context.support.DependencyInjectionTestExecutionListener@43814d18, org.springframework.test.context.support.DirtiesContextTestExecutionListener@5c5a1b69, org.springframework.test.context.transaction.TransactionalTestExecutionListener@3701eaf6]
2017-06-08 22:45:04 INFO  GenericWebApplicationContext:578 - Refreshing org.springframework.web.context.support.GenericWebApplicationContext@4fb61f4a: startup date [Thu Jun 08 22:45:04 ADT 2017]; root of context hierarchy
2017-06-08 22:45:04 INFO  AutowiredAnnotationBeanPostProcessor:153 - JSR-330 'javax.inject.Inject' annotation found and supported for autowiring
2017-06-08 22:45:09 INFO  GenericWebApplicationContext:960 - Closing org.springframework.web.context.support.GenericWebApplicationContext@4fb61f4a: startup date [Thu Jun 08 22:45:04 ADT 2017]; root of context hierarchy
2017-06-08 22:45:26 INFO  WebTestContextBootstrapper:185 - Using TestExecutionListeners: [org.springframework.test.context.support.DependencyInjectionTestExecutionListener@7d9d1a19, org.springframework.test.context.support.DirtiesContextTestExecutionListener@39c0f4a, org.springframework.test.context.transaction.TransactionalTestExecutionListener@1794d431]
2017-06-08 22:45:27 INFO  GenericWebApplicationContext:578 - Refreshing org.springframework.web.context.support.GenericWebApplicationContext@5bd03f44: startup date [Thu Jun 08 22:45:27 ADT 2017]; root of context hierarchy
2017-06-08 22:45:27 INFO  AutowiredAnnotationBeanPostProcessor:153 - JSR-330 'javax.inject.Inject' annotation found and supported for autowiring
2017-06-08 22:45:33 INFO  GenericWebApplicationContext:960 - Closing org.springframework.web.context.support.GenericWebApplicationContext@5bd03f44: startup date [Thu Jun 08 22:45:27 ADT 2017]; root of context hierarchy
2017-06-08 22:48:47 INFO  WebTestContextBootstrapper:185 - Using TestExecutionListeners: [org.springframework.test.context.support.DependencyInjectionTestExecutionListener@7d9d1a19, org.springframework.test.context.support.DirtiesContextTestExecutionListener@39c0f4a, org.springframework.test.context.transaction.TransactionalTestExecutionListener@1794d431]
2017-06-08 22:48:48 INFO  GenericWebApplicationContext:578 - Refreshing org.springframework.web.context.support.GenericWebApplicationContext@5bd03f44: startup date [Thu Jun 08 22:48:48 ADT 2017]; root of context hierarchy
2017-06-08 22:48:48 INFO  AutowiredAnnotationBeanPostProcessor:153 - JSR-330 'javax.inject.Inject' annotation found and supported for autowiring
2017-06-08 22:48:48 INFO  GenericWebApplicationContext:960 - Closing org.springframework.web.context.support.GenericWebApplicationContext@5bd03f44: startup date [Thu Jun 08 22:48:48 ADT 2017]; root of context hierarchy
2017-06-08 22:51:38 INFO  WebTestContextBootstrapper:185 - Using TestExecutionListeners: [org.springframework.test.context.support.DependencyInjectionTestExecutionListener@7d9d1a19, org.springframework.test.context.support.DirtiesContextTestExecutionListener@39c0f4a, org.springframework.test.context.transaction.TransactionalTestExecutionListener@1794d431]
2017-06-08 22:51:39 INFO  GenericWebApplicationContext:578 - Refreshing org.springframework.web.context.support.GenericWebApplicationContext@5bd03f44: startup date [Thu Jun 08 22:51:39 ADT 2017]; root of context hierarchy
2017-06-08 22:51:39 INFO  AutowiredAnnotationBeanPostProcessor:153 - JSR-330 'javax.inject.Inject' annotation found and supported for autowiring
2017-06-08 22:51:39 INFO  GenericWebApplicationContext:960 - Closing org.springframework.web.context.support.GenericWebApplicationContext@5bd03f44: startup date [Thu Jun 08 22:51:39 ADT 2017]; root of context hierarchy
2017-06-08 23:04:48 INFO  WebTestContextBootstrapper:185 - Using TestExecutionListeners: [org.springframework.test.context.support.DependencyInjectionTestExecutionListener@7d9d1a19, org.springframework.test.context.support.DirtiesContextTestExecutionListener@39c0f4a, org.springframework.test.context.transaction.TransactionalTestExecutionListener@1794d431]
2017-06-08 23:04:48 INFO  GenericWebApplicationContext:578 - Refreshing org.springframework.web.context.support.GenericWebApplicationContext@5bd03f44: startup date [Thu Jun 08 23:04:48 ADT 2017]; root of context hierarchy
2017-06-08 23:04:48 INFO  AutowiredAnnotationBeanPostProcessor:153 - JSR-330 'javax.inject.Inject' annotation found and supported for autowiring
2017-06-08 23:04:52 INFO  GenericWebApplicationContext:960 - Closing org.springframework.web.context.support.GenericWebApplicationContext@5bd03f44: startup date [Thu Jun 08 23:04:48 ADT 2017]; root of context hierarchy
2017-06-08 23:05:55 INFO  WebTestContextBootstrapper:185 - Using TestExecutionListeners: [org.springframework.test.context.support.DependencyInjectionTestExecutionListener@7d9d1a19, org.springframework.test.context.support.DirtiesContextTestExecutionListener@39c0f4a, org.springframework.test.context.transaction.TransactionalTestExecutionListener@1794d431]
2017-06-08 23:05:56 INFO  GenericWebApplicationContext:578 - Refreshing org.springframework.web.context.support.GenericWebApplicationContext@5bd03f44: startup date [Thu Jun 08 23:05:56 ADT 2017]; root of context hierarchy
2017-06-08 23:05:56 INFO  AutowiredAnnotationBeanPostProcessor:153 - JSR-330 'javax.inject.Inject' annotation found and supported for autowiring
2017-06-08 23:06:01 INFO  GenericWebApplicationContext:960 - Closing org.springframework.web.context.support.GenericWebApplicationContext@5bd03f44: startup date [Thu Jun 08 23:05:56 ADT 2017]; root of context hierarchy
2017-06-08 23:06:26 INFO  WebTestContextBootstrapper:185 - Using TestExecutionListeners: [org.springframework.test.context.support.DependencyInjectionTestExecutionListener@7d9d1a19, org.springframework.test.context.support.DirtiesContextTestExecutionListener@39c0f4a, org.springframework.test.context.transaction.TransactionalTestExecutionListener@1794d431]
2017-06-08 23:06:26 INFO  GenericWebApplicationContext:578 - Refreshing org.springframework.web.context.support.GenericWebApplicationContext@5bd03f44: startup date [Thu Jun 08 23:06:26 ADT 2017]; root of context hierarchy
2017-06-08 23:06:27 INFO  AutowiredAnnotationBeanPostProcessor:153 - JSR-330 'javax.inject.Inject' annotation found and supported for autowiring
2017-06-08 23:07:21 INFO  GenericWebApplicationContext:960 - Closing org.springframework.web.context.support.GenericWebApplicationContext@5bd03f44: startup date [Thu Jun 08 23:06:26 ADT 2017]; root of context hierarchy
2017-06-09 09:22:47 INFO  WebTestContextBootstrapper:185 - Using TestExecutionListeners: [org.springframework.test.context.support.DependencyInjectionTestExecutionListener@4dfa3a9d, org.springframework.test.context.support.DirtiesContextTestExecutionListener@6eebc39e, org.springframework.test.context.transaction.TransactionalTestExecutionListener@464bee09]
2017-06-09 09:22:48 INFO  GenericWebApplicationContext:578 - Refreshing org.springframework.web.context.support.GenericWebApplicationContext@9353778: startup date [Fri Jun 09 09:22:48 ADT 2017]; root of context hierarchy
2017-06-09 09:22:48 INFO  AutowiredAnnotationBeanPostProcessor:153 - JSR-330 'javax.inject.Inject' annotation found and supported for autowiring
2017-06-09 11:43:08 INFO  WebTestContextBootstrapper:185 - Using TestExecutionListeners: [org.springframework.test.context.support.DependencyInjectionTestExecutionListener@4dfa3a9d, org.springframework.test.context.support.DirtiesContextTestExecutionListener@6eebc39e, org.springframework.test.context.transaction.TransactionalTestExecutionListener@464bee09]
2017-06-09 11:43:08 INFO  GenericWebApplicationContext:578 - Refreshing org.springframework.web.context.support.GenericWebApplicationContext@9353778: startup date [Fri Jun 09 11:43:08 ADT 2017]; root of context hierarchy
2017-06-09 11:43:09 INFO  AutowiredAnnotationBeanPostProcessor:153 - JSR-330 'javax.inject.Inject' annotation found and supported for autowiring
2017-06-09 11:44:31 INFO  GenericWebApplicationContext:960 - Closing org.springframework.web.context.support.GenericWebApplicationContext@9353778: startup date [Fri Jun 09 11:43:08 ADT 2017]; root of context hierarchy
